<?xml version="1.0" encoding="UTF-8"?>
<testng-results skipped="0" failed="3" total="16" passed="13">
  <reporter-output>
  </reporter-output>
  <suite name="Default suite" duration-ms="1020865" started-at="2020-05-15T14:45:52Z" finished-at="2020-05-15T15:02:53Z">
    <groups>
    </groups>
    <test name="Default test" duration-ms="1020865" started-at="2020-05-15T14:45:52Z" finished-at="2020-05-15T15:02:53Z">
      <class name="Selenium.Assignment">
        <test-method status="PASS" signature="Assignment2(java.lang.String)[pri:0, instance:Selenium.Assignment@18355a8]" name="Assignment2" duration-ms="212278" started-at="2020-05-15T20:15:52Z" data-provider="data" finished-at="2020-05-15T20:19:24Z">
          <params>
            <param index="0">
              <value>
                <![CDATA[firefox]]>
              </value>
            </param>
          </params>
          <reporter-output>
          </reporter-output>
        </test-method> <!-- Assignment2 -->
        <test-method status="PASS" signature="Assignment2(java.lang.String)[pri:0, instance:Selenium.Assignment@18355a8]" name="Assignment2" duration-ms="181480" started-at="2020-05-15T20:15:52Z" data-provider="data" finished-at="2020-05-15T20:18:53Z">
          <params>
            <param index="0">
              <value>
                <![CDATA[chrome]]>
              </value>
            </param>
          </params>
          <reporter-output>
          </reporter-output>
        </test-method> <!-- Assignment2 -->
        <test-method status="PASS" signature="closeDriver()[pri:0, instance:Selenium.Assignment@18355a8]" name="closeDriver" is-config="true" duration-ms="2208" started-at="2020-05-15T20:18:53Z" finished-at="2020-05-15T20:18:56Z">
          <reporter-output>
          </reporter-output>
        </test-method> <!-- closeDriver -->
        <test-method status="PASS" signature="closeDriver()[pri:0, instance:Selenium.Assignment@18355a8]" name="closeDriver" is-config="true" duration-ms="6291" started-at="2020-05-15T20:19:24Z" finished-at="2020-05-15T20:19:30Z">
          <reporter-output>
          </reporter-output>
        </test-method> <!-- closeDriver -->
        <test-method status="PASS" signature="BirthDayPicker(java.lang.String)[pri:0, instance:Selenium.Assignment@18355a8]" name="BirthDayPicker" duration-ms="81149" started-at="2020-05-15T20:19:30Z" data-provider="data" finished-at="2020-05-15T20:20:52Z">
          <params>
            <param index="0">
              <value>
                <![CDATA[chrome]]>
              </value>
            </param>
          </params>
          <reporter-output>
          </reporter-output>
        </test-method> <!-- BirthDayPicker -->
        <test-method status="PASS" signature="BirthDayPicker(java.lang.String)[pri:0, instance:Selenium.Assignment@18355a8]" name="BirthDayPicker" duration-ms="151787" started-at="2020-05-15T20:19:30Z" data-provider="data" finished-at="2020-05-15T20:22:02Z">
          <params>
            <param index="0">
              <value>
                <![CDATA[firefox]]>
              </value>
            </param>
          </params>
          <reporter-output>
          </reporter-output>
        </test-method> <!-- BirthDayPicker -->
        <test-method status="PASS" signature="closeDriver()[pri:0, instance:Selenium.Assignment@18355a8]" name="closeDriver" is-config="true" duration-ms="678" started-at="2020-05-15T20:20:52Z" finished-at="2020-05-15T20:20:52Z">
          <reporter-output>
          </reporter-output>
        </test-method> <!-- closeDriver -->
        <test-method status="PASS" signature="closeDriver()[pri:0, instance:Selenium.Assignment@18355a8]" name="closeDriver" is-config="true" duration-ms="6539" started-at="2020-05-15T20:22:02Z" finished-at="2020-05-15T20:22:09Z">
          <reporter-output>
          </reporter-output>
        </test-method> <!-- closeDriver -->
        <test-method status="PASS" signature="DragandDrop(java.lang.String)[pri:0, instance:Selenium.Assignment@18355a8]" name="DragandDrop" duration-ms="79915" started-at="2020-05-15T20:22:09Z" data-provider="data" finished-at="2020-05-15T20:23:29Z">
          <params>
            <param index="0">
              <value>
                <![CDATA[chrome]]>
              </value>
            </param>
          </params>
          <reporter-output>
          </reporter-output>
        </test-method> <!-- DragandDrop -->
        <test-method status="PASS" signature="DragandDrop(java.lang.String)[pri:0, instance:Selenium.Assignment@18355a8]" name="DragandDrop" duration-ms="88205" started-at="2020-05-15T20:22:09Z" data-provider="data" finished-at="2020-05-15T20:23:37Z">
          <params>
            <param index="0">
              <value>
                <![CDATA[firefox]]>
              </value>
            </param>
          </params>
          <reporter-output>
          </reporter-output>
        </test-method> <!-- DragandDrop -->
        <test-method status="PASS" signature="closeDriver()[pri:0, instance:Selenium.Assignment@18355a8]" name="closeDriver" is-config="true" duration-ms="2370" started-at="2020-05-15T20:23:29Z" finished-at="2020-05-15T20:23:31Z">
          <reporter-output>
          </reporter-output>
        </test-method> <!-- closeDriver -->
        <test-method status="PASS" signature="closeDriver()[pri:0, instance:Selenium.Assignment@18355a8]" name="closeDriver" is-config="true" duration-ms="11" started-at="2020-05-15T20:23:37Z" finished-at="2020-05-15T20:23:37Z">
          <reporter-output>
          </reporter-output>
        </test-method> <!-- closeDriver -->
        <test-method status="PASS" signature="Formfill(java.lang.String)[pri:0, instance:Selenium.Assignment@18355a8]" name="Formfill" duration-ms="112164" started-at="2020-05-15T20:23:37Z" data-provider="data" finished-at="2020-05-15T20:25:29Z">
          <params>
            <param index="0">
              <value>
                <![CDATA[firefox]]>
              </value>
            </param>
          </params>
          <reporter-output>
          </reporter-output>
        </test-method> <!-- Formfill -->
        <test-method status="PASS" signature="Formfill(java.lang.String)[pri:0, instance:Selenium.Assignment@18355a8]" name="Formfill" duration-ms="57744" started-at="2020-05-15T20:23:37Z" data-provider="data" finished-at="2020-05-15T20:24:35Z">
          <params>
            <param index="0">
              <value>
                <![CDATA[chrome]]>
              </value>
            </param>
          </params>
          <reporter-output>
          </reporter-output>
        </test-method> <!-- Formfill -->
        <test-method status="PASS" signature="closeDriver()[pri:0, instance:Selenium.Assignment@18355a8]" name="closeDriver" is-config="true" duration-ms="2696" started-at="2020-05-15T20:24:35Z" finished-at="2020-05-15T20:24:37Z">
          <reporter-output>
          </reporter-output>
        </test-method> <!-- closeDriver -->
        <test-method status="PASS" signature="closeDriver()[pri:0, instance:Selenium.Assignment@18355a8]" name="closeDriver" is-config="true" duration-ms="10811" started-at="2020-05-15T20:25:29Z" finished-at="2020-05-15T20:25:40Z">
          <reporter-output>
          </reporter-output>
        </test-method> <!-- closeDriver -->
        <test-method status="PASS" signature="RentalCar(java.lang.String)[pri:0, instance:Selenium.Assignment@18355a8]" name="RentalCar" duration-ms="79840" started-at="2020-05-15T20:25:40Z" data-provider="data" finished-at="2020-05-15T20:27:00Z">
          <params>
            <param index="0">
              <value>
                <![CDATA[firefox]]>
              </value>
            </param>
          </params>
          <reporter-output>
          </reporter-output>
        </test-method> <!-- RentalCar -->
        <test-method status="PASS" signature="RentalCar(java.lang.String)[pri:0, instance:Selenium.Assignment@18355a8]" name="RentalCar" duration-ms="45534" started-at="2020-05-15T20:25:40Z" data-provider="data" finished-at="2020-05-15T20:26:26Z">
          <params>
            <param index="0">
              <value>
                <![CDATA[chrome]]>
              </value>
            </param>
          </params>
          <reporter-output>
          </reporter-output>
        </test-method> <!-- RentalCar -->
        <test-method status="PASS" signature="closeDriver()[pri:0, instance:Selenium.Assignment@18355a8]" name="closeDriver" is-config="true" duration-ms="2224" started-at="2020-05-15T20:26:26Z" finished-at="2020-05-15T20:26:28Z">
          <reporter-output>
          </reporter-output>
        </test-method> <!-- closeDriver -->
        <test-method status="PASS" signature="closeDriver()[pri:0, instance:Selenium.Assignment@18355a8]" name="closeDriver" is-config="true" duration-ms="13865" started-at="2020-05-15T20:27:00Z" finished-at="2020-05-15T20:27:14Z">
          <reporter-output>
          </reporter-output>
        </test-method> <!-- closeDriver -->
        <test-method status="FAIL" signature="makemytrip(java.lang.String)[pri:0, instance:Selenium.Assignment@18355a8]" name="makemytrip" duration-ms="60948" started-at="2020-05-15T20:27:14Z" data-provider="data" finished-at="2020-05-15T20:28:15Z">
          <params>
            <param index="0">
              <value>
                <![CDATA[firefox]]>
              </value>
            </param>
          </params>
          <exception class="org.openqa.selenium.TimeoutException">
            <message>
              <![CDATA[connection refused
Build info: version: '3.141.59', revision: 'e82be7d358', time: '2018-11-14T08:17:03'
System info: host: 'GOKULKANNAN', ip: '192.168.43.240', os.name: 'Windows 8', os.arch: 'x86', os.version: '6.2', java.version: '1.8.0_20'
Driver info: driver.version: FirefoxDriver
remote stacktrace: ]]>
            </message>
            <full-stacktrace>
              <![CDATA[org.openqa.selenium.TimeoutException: connection refused
Build info: version: '3.141.59', revision: 'e82be7d358', time: '2018-11-14T08:17:03'
System info: host: 'GOKULKANNAN', ip: '192.168.43.240', os.name: 'Windows 8', os.arch: 'x86', os.version: '6.2', java.version: '1.8.0_20'
Driver info: driver.version: FirefoxDriver
remote stacktrace: 
	at sun.reflect.NativeConstructorAccessorImpl.newInstance0(Native Method)
	at sun.reflect.NativeConstructorAccessorImpl.newInstance(NativeConstructorAccessorImpl.java:62)
	at sun.reflect.DelegatingConstructorAccessorImpl.newInstance(DelegatingConstructorAccessorImpl.java:45)
	at java.lang.reflect.Constructor.newInstance(Constructor.java:408)
	at org.openqa.selenium.remote.W3CHandshakeResponse.lambda$errorHandler$0(W3CHandshakeResponse.java:62)
	at org.openqa.selenium.remote.W3CHandshakeResponse$$Lambda$219/11836908.apply(Unknown Source)
	at org.openqa.selenium.remote.HandshakeResponse.lambda$getResponseFunction$0(HandshakeResponse.java:30)
	at org.openqa.selenium.remote.HandshakeResponse$$Lambda$214/20526613.apply(Unknown Source)
	at org.openqa.selenium.remote.ProtocolHandshake.lambda$createSession$0(ProtocolHandshake.java:126)
	at org.openqa.selenium.remote.ProtocolHandshake$$Lambda$215/19133293.apply(Unknown Source)
	at java.util.stream.ReferencePipeline$3$1.accept(ReferencePipeline.java:193)
	at java.util.Spliterators$ArraySpliterator.tryAdvance(Spliterators.java:958)
	at java.util.stream.ReferencePipeline.forEachWithCancel(ReferencePipeline.java:126)
	at java.util.stream.AbstractPipeline.copyIntoWithCancel(AbstractPipeline.java:529)
	at java.util.stream.AbstractPipeline.copyInto(AbstractPipeline.java:516)
	at java.util.stream.AbstractPipeline.wrapAndCopyInto(AbstractPipeline.java:502)
	at java.util.stream.FindOps$FindOp.evaluateSequential(FindOps.java:152)
	at java.util.stream.AbstractPipeline.evaluate(AbstractPipeline.java:234)
	at java.util.stream.ReferencePipeline.findFirst(ReferencePipeline.java:464)
	at org.openqa.selenium.remote.ProtocolHandshake.createSession(ProtocolHandshake.java:128)
	at org.openqa.selenium.remote.ProtocolHandshake.createSession(ProtocolHandshake.java:74)
	at org.openqa.selenium.remote.HttpCommandExecutor.execute(HttpCommandExecutor.java:136)
	at org.openqa.selenium.remote.service.DriverCommandExecutor.execute(DriverCommandExecutor.java:83)
	at org.openqa.selenium.remote.RemoteWebDriver.execute(RemoteWebDriver.java:552)
	at org.openqa.selenium.remote.RemoteWebDriver.startSession(RemoteWebDriver.java:213)
	at org.openqa.selenium.remote.RemoteWebDriver.<init>(RemoteWebDriver.java:131)
	at org.openqa.selenium.firefox.FirefoxDriver.<init>(FirefoxDriver.java:147)
	at org.openqa.selenium.firefox.FirefoxDriver.<init>(FirefoxDriver.java:125)
	at Automation._Selenium.Base.getFirefoxDriver(Base.java:27)
	at Selenium.Assignment.setfDriver(Assignment.java:49)
	at Selenium.Assignment.makemytrip(Assignment.java:370)
	at sun.reflect.NativeMethodAccessorImpl.invoke0(Native Method)
	at sun.reflect.NativeMethodAccessorImpl.invoke(NativeMethodAccessorImpl.java:62)
	at sun.reflect.DelegatingMethodAccessorImpl.invoke(DelegatingMethodAccessorImpl.java:43)
	at java.lang.reflect.Method.invoke(Method.java:483)
	at org.testng.internal.MethodInvocationHelper.invokeMethod(MethodInvocationHelper.java:80)
	at org.testng.internal.Invoker.invokeMethod(Invoker.java:714)
	at org.testng.internal.Invoker.invokeTestMethod(Invoker.java:901)
	at org.testng.internal.TestMethodWithDataProviderMethodWorker.call(TestMethodWithDataProviderMethodWorker.java:73)
	at org.testng.internal.TestMethodWithDataProviderMethodWorker.call(TestMethodWithDataProviderMethodWorker.java:14)
	at java.util.concurrent.FutureTask.run(FutureTask.java:266)
	at java.util.concurrent.Executors$RunnableAdapter.call(Executors.java:511)
	at java.util.concurrent.FutureTask.run(FutureTask.java:266)
	at java.util.concurrent.ThreadPoolExecutor.runWorker(ThreadPoolExecutor.java:1142)
	at java.util.concurrent.ThreadPoolExecutor$Worker.run(ThreadPoolExecutor.java:617)
	at java.lang.Thread.run(Thread.java:745)
]]>
            </full-stacktrace>
          </exception> <!-- org.openqa.selenium.TimeoutException -->
          <reporter-output>
          </reporter-output>
        </test-method> <!-- makemytrip -->
        <test-method status="PASS" signature="makemytrip(java.lang.String)[pri:0, instance:Selenium.Assignment@18355a8]" name="makemytrip" duration-ms="96693" started-at="2020-05-15T20:27:14Z" data-provider="data" finished-at="2020-05-15T20:28:50Z">
          <params>
            <param index="0">
              <value>
                <![CDATA[chrome]]>
              </value>
            </param>
          </params>
          <reporter-output>
          </reporter-output>
        </test-method> <!-- makemytrip -->
        <test-method status="PASS" signature="closeDriver()[pri:0, instance:Selenium.Assignment@18355a8]" name="closeDriver" is-config="true" duration-ms="1" started-at="2020-05-15T20:28:15Z" finished-at="2020-05-15T20:28:15Z">
          <reporter-output>
          </reporter-output>
        </test-method> <!-- closeDriver -->
        <test-method status="PASS" signature="closeDriver()[pri:0, instance:Selenium.Assignment@18355a8]" name="closeDriver" is-config="true" duration-ms="4638" started-at="2020-05-15T20:28:50Z" finished-at="2020-05-15T20:28:55Z">
          <reporter-output>
          </reporter-output>
        </test-method> <!-- closeDriver -->
        <test-method status="FAIL" signature="selectDropDown(java.lang.String)[pri:0, instance:Selenium.Assignment@18355a8]" name="selectDropDown" duration-ms="65034" started-at="2020-05-15T20:28:55Z" data-provider="data" finished-at="2020-05-15T20:30:00Z">
          <params>
            <param index="0">
              <value>
                <![CDATA[firefox]]>
              </value>
            </param>
          </params>
          <exception class="org.openqa.selenium.TimeoutException">
            <message>
              <![CDATA[connection refused
Build info: version: '3.141.59', revision: 'e82be7d358', time: '2018-11-14T08:17:03'
System info: host: 'GOKULKANNAN', ip: '192.168.43.240', os.name: 'Windows 8', os.arch: 'x86', os.version: '6.2', java.version: '1.8.0_20'
Driver info: driver.version: FirefoxDriver
remote stacktrace: ]]>
            </message>
            <full-stacktrace>
              <![CDATA[org.openqa.selenium.TimeoutException: connection refused
Build info: version: '3.141.59', revision: 'e82be7d358', time: '2018-11-14T08:17:03'
System info: host: 'GOKULKANNAN', ip: '192.168.43.240', os.name: 'Windows 8', os.arch: 'x86', os.version: '6.2', java.version: '1.8.0_20'
Driver info: driver.version: FirefoxDriver
remote stacktrace: 
	at sun.reflect.NativeConstructorAccessorImpl.newInstance0(Native Method)
	at sun.reflect.NativeConstructorAccessorImpl.newInstance(NativeConstructorAccessorImpl.java:62)
	at sun.reflect.DelegatingConstructorAccessorImpl.newInstance(DelegatingConstructorAccessorImpl.java:45)
	at java.lang.reflect.Constructor.newInstance(Constructor.java:408)
	at org.openqa.selenium.remote.W3CHandshakeResponse.lambda$errorHandler$0(W3CHandshakeResponse.java:62)
	at org.openqa.selenium.remote.W3CHandshakeResponse$$Lambda$219/11836908.apply(Unknown Source)
	at org.openqa.selenium.remote.HandshakeResponse.lambda$getResponseFunction$0(HandshakeResponse.java:30)
	at org.openqa.selenium.remote.HandshakeResponse$$Lambda$214/20526613.apply(Unknown Source)
	at org.openqa.selenium.remote.ProtocolHandshake.lambda$createSession$0(ProtocolHandshake.java:126)
	at org.openqa.selenium.remote.ProtocolHandshake$$Lambda$215/19133293.apply(Unknown Source)
	at java.util.stream.ReferencePipeline$3$1.accept(ReferencePipeline.java:193)
	at java.util.Spliterators$ArraySpliterator.tryAdvance(Spliterators.java:958)
	at java.util.stream.ReferencePipeline.forEachWithCancel(ReferencePipeline.java:126)
	at java.util.stream.AbstractPipeline.copyIntoWithCancel(AbstractPipeline.java:529)
	at java.util.stream.AbstractPipeline.copyInto(AbstractPipeline.java:516)
	at java.util.stream.AbstractPipeline.wrapAndCopyInto(AbstractPipeline.java:502)
	at java.util.stream.FindOps$FindOp.evaluateSequential(FindOps.java:152)
	at java.util.stream.AbstractPipeline.evaluate(AbstractPipeline.java:234)
	at java.util.stream.ReferencePipeline.findFirst(ReferencePipeline.java:464)
	at org.openqa.selenium.remote.ProtocolHandshake.createSession(ProtocolHandshake.java:128)
	at org.openqa.selenium.remote.ProtocolHandshake.createSession(ProtocolHandshake.java:74)
	at org.openqa.selenium.remote.HttpCommandExecutor.execute(HttpCommandExecutor.java:136)
	at org.openqa.selenium.remote.service.DriverCommandExecutor.execute(DriverCommandExecutor.java:83)
	at org.openqa.selenium.remote.RemoteWebDriver.execute(RemoteWebDriver.java:552)
	at org.openqa.selenium.remote.RemoteWebDriver.startSession(RemoteWebDriver.java:213)
	at org.openqa.selenium.remote.RemoteWebDriver.<init>(RemoteWebDriver.java:131)
	at org.openqa.selenium.firefox.FirefoxDriver.<init>(FirefoxDriver.java:147)
	at org.openqa.selenium.firefox.FirefoxDriver.<init>(FirefoxDriver.java:125)
	at Automation._Selenium.Base.getFirefoxDriver(Base.java:27)
	at Selenium.Assignment.setfDriver(Assignment.java:49)
	at Selenium.Assignment.selectDropDown(Assignment.java:215)
	at sun.reflect.NativeMethodAccessorImpl.invoke0(Native Method)
	at sun.reflect.NativeMethodAccessorImpl.invoke(NativeMethodAccessorImpl.java:62)
	at sun.reflect.DelegatingMethodAccessorImpl.invoke(DelegatingMethodAccessorImpl.java:43)
	at java.lang.reflect.Method.invoke(Method.java:483)
	at org.testng.internal.MethodInvocationHelper.invokeMethod(MethodInvocationHelper.java:80)
	at org.testng.internal.Invoker.invokeMethod(Invoker.java:714)
	at org.testng.internal.Invoker.invokeTestMethod(Invoker.java:901)
	at org.testng.internal.TestMethodWithDataProviderMethodWorker.call(TestMethodWithDataProviderMethodWorker.java:73)
	at org.testng.internal.TestMethodWithDataProviderMethodWorker.call(TestMethodWithDataProviderMethodWorker.java:14)
	at java.util.concurrent.FutureTask.run(FutureTask.java:266)
	at java.util.concurrent.Executors$RunnableAdapter.call(Executors.java:511)
	at java.util.concurrent.FutureTask.run(FutureTask.java:266)
	at java.util.concurrent.ThreadPoolExecutor.runWorker(ThreadPoolExecutor.java:1142)
	at java.util.concurrent.ThreadPoolExecutor$Worker.run(ThreadPoolExecutor.java:617)
	at java.lang.Thread.run(Thread.java:745)
]]>
            </full-stacktrace>
          </exception> <!-- org.openqa.selenium.TimeoutException -->
          <reporter-output>
          </reporter-output>
        </test-method> <!-- selectDropDown -->
        <test-method status="PASS" signature="selectDropDown(java.lang.String)[pri:0, instance:Selenium.Assignment@18355a8]" name="selectDropDown" duration-ms="63987" started-at="2020-05-15T20:28:55Z" data-provider="data" finished-at="2020-05-15T20:29:59Z">
          <params>
            <param index="0">
              <value>
                <![CDATA[chrome]]>
              </value>
            </param>
          </params>
          <reporter-output>
          </reporter-output>
        </test-method> <!-- selectDropDown -->
        <test-method status="PASS" signature="closeDriver()[pri:0, instance:Selenium.Assignment@18355a8]" name="closeDriver" is-config="true" duration-ms="3350" started-at="2020-05-15T20:29:59Z" finished-at="2020-05-15T20:30:02Z">
          <reporter-output>
          </reporter-output>
        </test-method> <!-- closeDriver -->
        <test-method status="PASS" signature="closeDriver()[pri:0, instance:Selenium.Assignment@18355a8]" name="closeDriver" is-config="true" duration-ms="1" started-at="2020-05-15T20:30:00Z" finished-at="2020-05-15T20:30:00Z">
          <reporter-output>
          </reporter-output>
        </test-method> <!-- closeDriver -->
        <test-method status="FAIL" signature="selectall(java.lang.String)[pri:0, instance:Selenium.Assignment@18355a8]" name="selectall" duration-ms="61950" started-at="2020-05-15T20:30:02Z" data-provider="data" finished-at="2020-05-15T20:31:04Z">
          <params>
            <param index="0">
              <value>
                <![CDATA[firefox]]>
              </value>
            </param>
          </params>
          <exception class="org.openqa.selenium.TimeoutException">
            <message>
              <![CDATA[connection refused
Build info: version: '3.141.59', revision: 'e82be7d358', time: '2018-11-14T08:17:03'
System info: host: 'GOKULKANNAN', ip: '192.168.43.240', os.name: 'Windows 8', os.arch: 'x86', os.version: '6.2', java.version: '1.8.0_20'
Driver info: driver.version: FirefoxDriver
remote stacktrace: ]]>
            </message>
            <full-stacktrace>
              <![CDATA[org.openqa.selenium.TimeoutException: connection refused
Build info: version: '3.141.59', revision: 'e82be7d358', time: '2018-11-14T08:17:03'
System info: host: 'GOKULKANNAN', ip: '192.168.43.240', os.name: 'Windows 8', os.arch: 'x86', os.version: '6.2', java.version: '1.8.0_20'
Driver info: driver.version: FirefoxDriver
remote stacktrace: 
	at sun.reflect.NativeConstructorAccessorImpl.newInstance0(Native Method)
	at sun.reflect.NativeConstructorAccessorImpl.newInstance(NativeConstructorAccessorImpl.java:62)
	at sun.reflect.DelegatingConstructorAccessorImpl.newInstance(DelegatingConstructorAccessorImpl.java:45)
	at java.lang.reflect.Constructor.newInstance(Constructor.java:408)
	at org.openqa.selenium.remote.W3CHandshakeResponse.lambda$errorHandler$0(W3CHandshakeResponse.java:62)
	at org.openqa.selenium.remote.W3CHandshakeResponse$$Lambda$219/11836908.apply(Unknown Source)
	at org.openqa.selenium.remote.HandshakeResponse.lambda$getResponseFunction$0(HandshakeResponse.java:30)
	at org.openqa.selenium.remote.HandshakeResponse$$Lambda$214/20526613.apply(Unknown Source)
	at org.openqa.selenium.remote.ProtocolHandshake.lambda$createSession$0(ProtocolHandshake.java:126)
	at org.openqa.selenium.remote.ProtocolHandshake$$Lambda$215/19133293.apply(Unknown Source)
	at java.util.stream.ReferencePipeline$3$1.accept(ReferencePipeline.java:193)
	at java.util.Spliterators$ArraySpliterator.tryAdvance(Spliterators.java:958)
	at java.util.stream.ReferencePipeline.forEachWithCancel(ReferencePipeline.java:126)
	at java.util.stream.AbstractPipeline.copyIntoWithCancel(AbstractPipeline.java:529)
	at java.util.stream.AbstractPipeline.copyInto(AbstractPipeline.java:516)
	at java.util.stream.AbstractPipeline.wrapAndCopyInto(AbstractPipeline.java:502)
	at java.util.stream.FindOps$FindOp.evaluateSequential(FindOps.java:152)
	at java.util.stream.AbstractPipeline.evaluate(AbstractPipeline.java:234)
	at java.util.stream.ReferencePipeline.findFirst(ReferencePipeline.java:464)
	at org.openqa.selenium.remote.ProtocolHandshake.createSession(ProtocolHandshake.java:128)
	at org.openqa.selenium.remote.ProtocolHandshake.createSession(ProtocolHandshake.java:74)
	at org.openqa.selenium.remote.HttpCommandExecutor.execute(HttpCommandExecutor.java:136)
	at org.openqa.selenium.remote.service.DriverCommandExecutor.execute(DriverCommandExecutor.java:83)
	at org.openqa.selenium.remote.RemoteWebDriver.execute(RemoteWebDriver.java:552)
	at org.openqa.selenium.remote.RemoteWebDriver.startSession(RemoteWebDriver.java:213)
	at org.openqa.selenium.remote.RemoteWebDriver.<init>(RemoteWebDriver.java:131)
	at org.openqa.selenium.firefox.FirefoxDriver.<init>(FirefoxDriver.java:147)
	at org.openqa.selenium.firefox.FirefoxDriver.<init>(FirefoxDriver.java:125)
	at Automation._Selenium.Base.getFirefoxDriver(Base.java:27)
	at Selenium.Assignment.setfDriver(Assignment.java:49)
	at Selenium.Assignment.selectall(Assignment.java:88)
	at sun.reflect.NativeMethodAccessorImpl.invoke0(Native Method)
	at sun.reflect.NativeMethodAccessorImpl.invoke(NativeMethodAccessorImpl.java:62)
	at sun.reflect.DelegatingMethodAccessorImpl.invoke(DelegatingMethodAccessorImpl.java:43)
	at java.lang.reflect.Method.invoke(Method.java:483)
	at org.testng.internal.MethodInvocationHelper.invokeMethod(MethodInvocationHelper.java:80)
	at org.testng.internal.Invoker.invokeMethod(Invoker.java:714)
	at org.testng.internal.Invoker.invokeTestMethod(Invoker.java:901)
	at org.testng.internal.TestMethodWithDataProviderMethodWorker.call(TestMethodWithDataProviderMethodWorker.java:73)
	at org.testng.internal.TestMethodWithDataProviderMethodWorker.call(TestMethodWithDataProviderMethodWorker.java:14)
	at java.util.concurrent.FutureTask.run(FutureTask.java:266)
	at java.util.concurrent.Executors$RunnableAdapter.call(Executors.java:511)
	at java.util.concurrent.FutureTask.run(FutureTask.java:266)
	at java.util.concurrent.ThreadPoolExecutor.runWorker(ThreadPoolExecutor.java:1142)
	at java.util.concurrent.ThreadPoolExecutor$Worker.run(ThreadPoolExecutor.java:617)
	at java.lang.Thread.run(Thread.java:745)
]]>
            </full-stacktrace>
          </exception> <!-- org.openqa.selenium.TimeoutException -->
          <reporter-output>
          </reporter-output>
        </test-method> <!-- selectall -->
        <test-method status="PASS" signature="selectall(java.lang.String)[pri:0, instance:Selenium.Assignment@18355a8]" name="selectall" duration-ms="169221" started-at="2020-05-15T20:30:02Z" data-provider="data" finished-at="2020-05-15T20:32:52Z">
          <params>
            <param index="0">
              <value>
                <![CDATA[chrome]]>
              </value>
            </param>
          </params>
          <reporter-output>
          </reporter-output>
        </test-method> <!-- selectall -->
        <test-method status="PASS" signature="closeDriver()[pri:0, instance:Selenium.Assignment@18355a8]" name="closeDriver" is-config="true" duration-ms="2" started-at="2020-05-15T20:31:04Z" finished-at="2020-05-15T20:31:04Z">
          <reporter-output>
          </reporter-output>
        </test-method> <!-- closeDriver -->
        <test-method status="PASS" signature="closeDriver()[pri:0, instance:Selenium.Assignment@18355a8]" name="closeDriver" is-config="true" duration-ms="371" started-at="2020-05-15T20:32:52Z" finished-at="2020-05-15T20:32:52Z">
          <reporter-output>
          </reporter-output>
        </test-method> <!-- closeDriver -->
      </class> <!-- Selenium.Assignment -->
    </test> <!-- Default test -->
  </suite> <!-- Default suite -->
</testng-results>
